2026-03-26 17:56:56,720 Starting training — save_path=model_58x40x8_reducedEOS_1D lr=1e-05 device=cuda:1
2026-03-26 18:01:54,682 Starting training — save_path=model_58x40x8_reducedEOS_1D lr=1e-05 device=cuda:1
2026-03-26 18:08:22,443 Starting training — save_path=model_58x40x8_reducedEOS_1D lr=1e-05 device=cuda:1
2026-03-26 18:08:25,300   [DIAG e001] bg=0.095 max_lesion=0.288 lr=1.00e-06
2026-03-26 18:14:51,509 Starting training — save_path=model_58x40x8_reducedEOS_1D lr=1e-05 device=cuda:1
2026-03-26 18:14:54,172   [DIAG e001] bg=0.139 max_lesion=0.229 lr=1.00e-06
2026-03-26 18:33:00,828 Epoch 001/75 | train: 5.2860 | val: 4.5209 | lr: 2.00e-06 | saved: model_58x40x8_reducedEOS_1D_epoch001.pth *
2026-03-26 18:49:06,079 Epoch 002/75 | train: 4.9466 | val: 5.0106 | lr: 3.00e-06 | saved: model_58x40x8_reducedEOS_1D_epoch002.pth
2026-03-26 19:05:16,955 Epoch 003/75 | train: 5.1292 | val: 4.4122 | lr: 4.00e-06 | saved: model_58x40x8_reducedEOS_1D_epoch003.pth *
2026-03-26 19:21:21,645 Epoch 004/75 | train: 5.0486 | val: 4.9548 | lr: 5.00e-06 | saved: model_58x40x8_reducedEOS_1D_epoch004.pth
2026-03-26 19:37:33,614 Epoch 005/75 | train: 5.1987 | val: 5.3265 | lr: 6.00e-06 | saved: model_58x40x8_reducedEOS_1D_epoch005.pth
2026-03-26 19:53:42,209 Epoch 006/75 | train: 5.2652 | val: 5.1237 | lr: 7.00e-06 | saved: model_58x40x8_reducedEOS_1D_epoch006.pth
2026-03-26 20:09:46,827 Epoch 007/75 | train: 4.9859 | val: 4.4827 | lr: 8.00e-06 | saved: model_58x40x8_reducedEOS_1D_epoch007.pth
2026-03-26 20:25:51,246 Epoch 008/75 | train: 4.8992 | val: 4.7944 | lr: 9.00e-06 | saved: model_58x40x8_reducedEOS_1D_epoch008.pth
2026-03-26 20:41:58,483 Epoch 009/75 | train: 4.7946 | val: 4.7985 | lr: 1.00e-05 | saved: model_58x40x8_reducedEOS_1D_epoch009.pth
2026-03-26 20:58:01,508 Epoch 010/75 | train: 4.7161 | val: 4.5403 | lr: 1.00e-05 | saved: model_58x40x8_reducedEOS_1D_epoch010.pth
2026-03-26 21:14:04,871 Epoch 011/75 | train: 4.5939 | val: 4.5629 | lr: 9.99e-06 | saved: model_58x40x8_reducedEOS_1D_epoch011.pth
2026-03-26 21:30:08,905 Epoch 012/75 | train: 4.5101 | val: 4.2188 | lr: 9.98e-06 | saved: model_58x40x8_reducedEOS_1D_epoch012.pth *
2026-03-26 21:46:12,499 Epoch 013/75 | train: 4.4004 | val: 4.2895 | lr: 9.95e-06 | saved: model_58x40x8_reducedEOS_1D_epoch013.pth
2026-03-26 22:02:16,031 Epoch 014/75 | train: 4.3612 | val: 4.2786 | lr: 9.91e-06 | saved: model_58x40x8_reducedEOS_1D_epoch014.pth
2026-03-26 22:18:19,722 Epoch 015/75 | train: 4.4255 | val: 4.2617 | lr: 9.85e-06 | saved: model_58x40x8_reducedEOS_1D_epoch015.pth
2026-03-26 22:34:26,059 Epoch 016/75 | train: 4.3614 | val: 4.1585 | lr: 9.79e-06 | saved: model_58x40x8_reducedEOS_1D_epoch016.pth *
2026-03-26 22:50:29,528 Epoch 017/75 | train: 4.2620 | val: 4.1935 | lr: 9.72e-06 | saved: model_58x40x8_reducedEOS_1D_epoch017.pth
2026-03-26 23:06:33,553 Epoch 018/75 | train: 4.2572 | val: 4.3382 | lr: 9.63e-06 | saved: model_58x40x8_reducedEOS_1D_epoch018.pth
2026-03-26 23:22:37,861 Epoch 019/75 | train: 4.2698 | val: 4.2573 | lr: 9.53e-06 | saved: model_58x40x8_reducedEOS_1D_epoch019.pth
2026-03-26 23:38:43,604 Epoch 020/75 | train: 4.1751 | val: 4.1476 | lr: 9.43e-06 | saved: model_58x40x8_reducedEOS_1D_epoch020.pth *
2026-03-26 23:54:49,927 Epoch 021/75 | train: 4.1264 | val: 4.1069 | lr: 9.31e-06 | saved: model_58x40x8_reducedEOS_1D_epoch021.pth *
2026-03-27 00:10:54,821 Epoch 022/75 | train: 4.0667 | val: 4.1911 | lr: 9.18e-06 | saved: model_58x40x8_reducedEOS_1D_epoch022.pth
2026-03-27 00:26:59,838 Epoch 023/75 | train: 3.9726 | val: 4.1574 | lr: 9.05e-06 | saved: model_58x40x8_reducedEOS_1D_epoch023.pth
2026-03-27 00:43:06,139 Epoch 024/75 | train: 3.9756 | val: 4.1789 | lr: 8.90e-06 | saved: model_58x40x8_reducedEOS_1D_epoch024.pth
2026-03-27 00:59:10,602 Epoch 025/75 | train: 3.8826 | val: 4.1246 | lr: 8.74e-06 | saved: model_58x40x8_reducedEOS_1D_epoch025.pth
2026-03-27 01:15:15,499 Epoch 026/75 | train: 3.8358 | val: 4.1487 | lr: 8.58e-06 | saved: model_58x40x8_reducedEOS_1D_epoch026.pth
2026-03-27 01:31:20,819 Epoch 027/75 | train: 3.7692 | val: 4.1480 | lr: 8.41e-06 | saved: model_58x40x8_reducedEOS_1D_epoch027.pth
2026-03-27 01:47:28,220 Epoch 028/75 | train: 3.6949 | val: 4.0176 | lr: 8.22e-06 | saved: model_58x40x8_reducedEOS_1D_epoch028.pth *
2026-03-27 02:03:34,705 Epoch 029/75 | train: 3.6843 | val: 4.1176 | lr: 8.04e-06 | saved: model_58x40x8_reducedEOS_1D_epoch029.pth
2026-03-27 02:19:40,158 Epoch 030/75 | train: 3.6139 | val: 4.2719 | lr: 7.84e-06 | saved: model_58x40x8_reducedEOS_1D_epoch030.pth
2026-03-27 02:35:45,696 Epoch 031/75 | train: 3.5854 | val: 4.2890 | lr: 7.64e-06 | saved: model_58x40x8_reducedEOS_1D_epoch031.pth
2026-03-27 02:51:50,740 Epoch 032/75 | train: 3.5368 | val: 4.2170 | lr: 7.43e-06 | saved: model_58x40x8_reducedEOS_1D_epoch032.pth
2026-03-27 03:07:55,765 Epoch 033/75 | train: 3.4182 | val: 4.1492 | lr: 7.22e-06 | saved: model_58x40x8_reducedEOS_1D_epoch033.pth
2026-03-27 03:24:00,907 Epoch 034/75 | train: 3.4251 | val: 4.1891 | lr: 7.00e-06 | saved: model_58x40x8_reducedEOS_1D_epoch034.pth
2026-03-27 03:40:04,718 Epoch 035/75 | train: 3.3918 | val: 4.2532 | lr: 6.77e-06 | saved: model_58x40x8_reducedEOS_1D_epoch035.pth
2026-03-27 03:56:10,729 Epoch 036/75 | train: 3.3746 | val: 4.3850 | lr: 6.55e-06 | saved: model_58x40x8_reducedEOS_1D_epoch036.pth
2026-03-27 04:12:16,394 Epoch 037/75 | train: 3.3287 | val: 4.4293 | lr: 6.31e-06 | saved: model_58x40x8_reducedEOS_1D_epoch037.pth
2026-03-27 04:28:22,394 Epoch 038/75 | train: 3.2976 | val: 4.5249 | lr: 6.08e-06 | saved: model_58x40x8_reducedEOS_1D_epoch038.pth
2026-03-27 04:44:28,210 Epoch 039/75 | train: 3.2564 | val: 4.4838 | lr: 5.84e-06 | saved: model_58x40x8_reducedEOS_1D_epoch039.pth
2026-03-27 05:00:33,441 Epoch 040/75 | train: 3.2026 | val: 4.6020 | lr: 5.60e-06 | saved: model_58x40x8_reducedEOS_1D_epoch040.pth
2026-03-27 05:16:39,582 Epoch 041/75 | train: 3.2295 | val: 4.6593 | lr: 5.36e-06 | saved: model_58x40x8_reducedEOS_1D_epoch041.pth
2026-03-27 05:32:45,562 Epoch 042/75 | train: 3.1410 | val: 4.6443 | lr: 5.12e-06 | saved: model_58x40x8_reducedEOS_1D_epoch042.pth
2026-03-27 05:48:52,175 Epoch 043/75 | train: 3.0990 | val: 4.7510 | lr: 4.88e-06 | saved: model_58x40x8_reducedEOS_1D_epoch043.pth
2026-03-27 06:04:57,024 Epoch 044/75 | train: 3.1174 | val: 4.6467 | lr: 4.64e-06 | saved: model_58x40x8_reducedEOS_1D_epoch044.pth
2026-03-27 06:21:02,627 Epoch 045/75 | train: 3.0743 | val: 4.9983 | lr: 4.40e-06 | saved: model_58x40x8_reducedEOS_1D_epoch045.pth
2026-03-27 06:37:08,554 Epoch 046/75 | train: 3.0319 | val: 4.5803 | lr: 4.16e-06 | saved: model_58x40x8_reducedEOS_1D_epoch046.pth
2026-03-27 06:53:14,964 Epoch 047/75 | train: 3.0180 | val: 4.7562 | lr: 3.92e-06 | saved: model_58x40x8_reducedEOS_1D_epoch047.pth
2026-03-27 07:09:21,140 Epoch 048/75 | train: 2.9940 | val: 4.8457 | lr: 3.69e-06 | saved: model_58x40x8_reducedEOS_1D_epoch048.pth
2026-03-27 07:25:26,512 Epoch 049/75 | train: 2.9812 | val: 4.6422 | lr: 3.45e-06 | saved: model_58x40x8_reducedEOS_1D_epoch049.pth
2026-03-27 07:41:33,025 Epoch 050/75 | train: 2.9310 | val: 5.5944 | lr: 3.23e-06 | saved: model_58x40x8_reducedEOS_1D_epoch050.pth
2026-03-27 07:57:42,099 Epoch 051/75 | train: 2.9042 | val: 5.2018 | lr: 3.00e-06 | saved: model_58x40x8_reducedEOS_1D_epoch051.pth
2026-03-27 08:13:48,300 Epoch 052/75 | train: 2.9078 | val: 4.9151 | lr: 2.78e-06 | saved: model_58x40x8_reducedEOS_1D_epoch052.pth
2026-03-27 08:29:53,747 Epoch 053/75 | train: 2.8777 | val: 5.2496 | lr: 2.57e-06 | saved: model_58x40x8_reducedEOS_1D_epoch053.pth
2026-03-27 08:45:57,330 Epoch 054/75 | train: 2.8442 | val: 4.8986 | lr: 2.36e-06 | saved: model_58x40x8_reducedEOS_1D_epoch054.pth
2026-03-27 09:02:01,961 Epoch 055/75 | train: 2.8186 | val: 4.8471 | lr: 2.16e-06 | saved: model_58x40x8_reducedEOS_1D_epoch055.pth
2026-03-27 09:18:06,200 Epoch 056/75 | train: 2.7942 | val: 5.3915 | lr: 1.96e-06 | saved: model_58x40x8_reducedEOS_1D_epoch056.pth
2026-03-27 09:34:10,552 Epoch 057/75 | train: 2.7916 | val: 5.3168 | lr: 1.78e-06 | saved: model_58x40x8_reducedEOS_1D_epoch057.pth
2026-03-27 09:50:13,730 Epoch 058/75 | train: 2.7815 | val: 5.3138 | lr: 1.59e-06 | saved: model_58x40x8_reducedEOS_1D_epoch058.pth
2026-03-27 10:06:17,581 Epoch 059/75 | train: 2.7636 | val: 5.2222 | lr: 1.42e-06 | saved: model_58x40x8_reducedEOS_1D_epoch059.pth
2026-03-27 10:22:20,410 Epoch 060/75 | train: 2.7722 | val: 5.1839 | lr: 1.26e-06 | saved: model_58x40x8_reducedEOS_1D_epoch060.pth
2026-03-27 10:38:21,903 Epoch 061/75 | train: 2.7252 | val: 5.7374 | lr: 1.10e-06 | saved: model_58x40x8_reducedEOS_1D_epoch061.pth
2026-03-27 10:54:24,181 Epoch 062/75 | train: 2.7454 | val: 5.3730 | lr: 9.55e-07 | saved: model_58x40x8_reducedEOS_1D_epoch062.pth
2026-03-27 11:10:26,681 Epoch 063/75 | train: 2.7140 | val: 5.3426 | lr: 8.18e-07 | saved: model_58x40x8_reducedEOS_1D_epoch063.pth
2026-03-27 11:26:28,483 Epoch 064/75 | train: 2.6747 | val: 5.3881 | lr: 6.90e-07 | saved: model_58x40x8_reducedEOS_1D_epoch064.pth
2026-03-27 11:42:31,431 Epoch 065/75 | train: 2.6830 | val: 5.2888 | lr: 5.73e-07 | saved: model_58x40x8_reducedEOS_1D_epoch065.pth
2026-03-27 11:58:33,245 Epoch 066/75 | train: 2.6993 | val: 5.4769 | lr: 4.66e-07 | saved: model_58x40x8_reducedEOS_1D_epoch066.pth
2026-03-27 12:14:36,832 Epoch 067/75 | train: 2.6824 | val: 5.3455 | lr: 3.69e-07 | saved: model_58x40x8_reducedEOS_1D_epoch067.pth
2026-03-27 12:30:39,680 Epoch 068/75 | train: 2.6711 | val: 5.5514 | lr: 2.83e-07 | saved: model_58x40x8_reducedEOS_1D_epoch068.pth
2026-03-27 12:46:44,057 Epoch 069/75 | train: 2.6577 | val: 5.4738 | lr: 2.09e-07 | saved: model_58x40x8_reducedEOS_1D_epoch069.pth
2026-03-27 13:02:48,151 Epoch 070/75 | train: 2.6550 | val: 5.4788 | lr: 1.45e-07 | saved: model_58x40x8_reducedEOS_1D_epoch070.pth
2026-03-27 13:18:50,883 Epoch 071/75 | train: 2.6426 | val: 5.4305 | lr: 9.31e-08 | saved: model_58x40x8_reducedEOS_1D_epoch071.pth
2026-03-27 13:35:13,931 Epoch 072/75 | train: 2.6296 | val: 5.5299 | lr: 5.25e-08 | saved: model_58x40x8_reducedEOS_1D_epoch072.pth
2026-03-27 13:51:36,243 Epoch 073/75 | train: 2.6612 | val: 5.5038 | lr: 2.33e-08 | saved: model_58x40x8_reducedEOS_1D_epoch073.pth
2026-03-27 14:08:14,131 Epoch 074/75 | train: 2.6540 | val: 5.5010 | lr: 5.84e-09 | saved: model_58x40x8_reducedEOS_1D_epoch074.pth
2026-03-27 14:24:51,892 Epoch 075/75 | train: 2.6591 | val: 5.4434 | lr: 0.00e+00 | saved: model_58x40x8_reducedEOS_1D_epoch075.pth
2026-03-27 16:11:02,052 Starting training — save_path=model_58x40x8_reducedEOS_1D lr=1e-05 device=cuda:1
2026-03-27 16:11:24,005 Starting training — save_path=model_58x40x8_reducedEOS_1D lr=1e-05 device=cuda:1
2026-03-27 16:13:35,316 Starting training — save_path=model_58x40x8_reducedEOS_1D lr=1e-05 device=cuda:1
2026-03-27 16:16:19,975 Starting training — save_path=model_58x40x8_reducedEOS_1D lr=1e-05 device=cuda:0
2026-03-27 17:07:50,477 Starting training — save_path=model_58x40x8_reducedEOS_1D lr=1e-05 device=cuda:0
2026-03-27 17:15:17,978 Starting training — save_path=model_58x40x8_reducedEOS_1D lr=1e-05 device=cuda:0
2026-03-27 17:32:07,534 Starting training — save_path=model_58x40x8_reducedEOS_1D lr=1e-05 device=cuda:0
2026-03-27 17:37:15,754 Starting training — save_path=model_58x40x8_reducedEOS_1D lr=1e-05 device=cuda:0
2026-03-27 17:37:50,581 Starting training — save_path=model_58x40x8_reducedEOS_1D lr=1e-05 device=cuda:0
2026-03-27 17:39:17,751 Starting training — save_path=model_58x40x8_reducedEOS_1D lr=1e-05 device=cuda:0
2026-03-27 17:40:27,637 Starting training — save_path=model_58x40x8_reducedEOS_1D lr=1e-05 device=cuda:0
2026-03-27 17:41:13,143 Starting training — save_path=model_58x40x8_reducedEOS_1D lr=1e-05 device=cuda:0
2026-03-27 17:48:25,975 Starting training — save_path=model_58x40x8_reducedEOS_1D lr=1e-05 device=cuda:0
2026-03-27 17:50:49,722 Starting training — save_path=model_58x40x8_reducedEOS_1D lr=1e-05 device=cuda:0
2026-03-27 17:57:26,027   [DIAG e001] bg=0.123 max_lesion=0.207 lr=1.00e-06
2026-03-27 18:14:22,982 Starting training — save_path=model_58x40x8_reducedEOS_1D lr=1e-05 device=cuda:0
2026-03-27 18:23:43,568 Starting training — save_path=model_58x40x8_reducedEOS_1D lr=1e-05 device=cuda:0
