2026-03-20 15:42:36,437 Starting training — save_path=model_58x40x8_reducedLR_warmup lr=1e-05 device=cuda:0
2026-03-20 15:42:38,779   [DIAG e001] bg=0.141 max_lesion=0.241 lr=1.00e-06
2026-03-20 15:43:21,614 Starting training — save_path=model_58x40x8_reducedLR_warmup lr=1e-05 device=cuda:0
2026-03-20 16:00:09,143 Epoch 001/200 | train: 4.9104 | val: 3.8640 | lr: 2.00e-06 | saved: model_58x40x8_reducedLR_warmup_epoch001.pth *
2026-03-20 16:06:34,631   [DIAG e001] bg=0.135 max_lesion=0.198 lr=1.00e-06
2026-03-20 16:17:39,984 Epoch 002/200 | train: 3.8026 | val: 3.6215 | lr: 3.00e-06 | saved: model_58x40x8_reducedLR_warmup_epoch002.pth *
2026-03-20 16:21:12,910 Starting training — save_path=model_58x40x8_reducedLR_warmup lr=1e-05 device=cuda:0
2026-03-20 16:35:13,773 Epoch 003/200 | train: 3.8156 | val: 3.6298 | lr: 4.00e-06 | saved: model_58x40x8_reducedLR_warmup_epoch003.pth
2026-03-20 16:48:22,612   [DIAG e001] bg=0.142 max_lesion=0.194 lr=1.00e-06
2026-03-20 16:49:56,551 Starting training — save_path=model_58x40x8_reducedLR_warmup lr=1e-05 device=cuda:0
2026-03-20 16:52:49,416 Epoch 004/200 | train: 3.8153 | val: 3.5334 | lr: 5.00e-06 | saved: model_58x40x8_reducedLR_warmup_epoch004.pth *
2026-03-20 17:07:56,982 Starting training — save_path=model_58x40x8_reducedLR_warmup lr=1e-05 device=cuda:0
2026-03-20 17:10:29,311 Epoch 005/200 | train: 3.7175 | val: 3.6194 | lr: 6.00e-06 | saved: model_58x40x8_reducedLR_warmup_epoch005.pth
2026-03-20 17:20:07,399 Starting training — save_path=model_58x40x8_reducedLR_warmup lr=1e-05 device=cuda:0
2026-03-20 17:28:12,769 Epoch 006/200 | train: 3.6464 | val: 3.4247 | lr: 7.00e-06 | saved: model_58x40x8_reducedLR_warmup_epoch006.pth *
2026-03-20 17:34:46,444 Starting training — save_path=model_58x40x8_reducedLR_warmup lr=1e-05 device=cuda:0
2026-03-20 17:45:59,092 Epoch 007/200 | train: 3.5530 | val: 3.4425 | lr: 8.00e-06 | saved: model_58x40x8_reducedLR_warmup_epoch007.pth
2026-03-20 17:49:58,036 Starting training — save_path=model_58x40x8_reducedLR_warmup lr=1e-05 device=cuda:0
2026-03-20 17:52:54,557 Starting training — save_path=model_58x40x8_reducedLR_warmup lr=1e-05 device=cuda:0
2026-03-20 17:54:03,302 Starting training — save_path=model_58x40x8_reducedLR_warmup lr=1e-05 device=cuda:0
2026-03-20 17:59:45,089 Starting training — save_path=model_58x40x8_reducedLR_warmup lr=1e-05 device=cuda:0
2026-03-20 18:00:36,171 Starting training — save_path=model_58x40x8_reducedLR_warmup lr=1e-05 device=cuda:0
2026-03-20 18:03:45,613 Epoch 008/200 | train: 3.5076 | val: 3.2836 | lr: 9.00e-06 | saved: model_58x40x8_reducedLR_warmup_epoch008.pth *
2026-03-20 18:05:35,169 Starting training — save_path=model_58x40x8_reducedLR_warmup lr=1e-05 device=cuda:0
2026-03-20 18:05:55,277 Starting training — save_path=model_58x40x8_reducedLR_warmup lr=1e-05 device=cuda:1
2026-03-20 18:08:51,465 Starting training — save_path=model_58x40x8_reducedLR_warmup lr=1e-05 device=cuda:1
2026-03-20 18:20:44,732 Epoch 009/200 | train: 3.4058 | val: 3.2981 | lr: 1.00e-05 | saved: model_58x40x8_reducedLR_warmup_epoch009.pth
2026-03-20 18:36:53,506 Epoch 010/200 | train: 3.5853 | val: 3.4792 | lr: 1.00e-05 | saved: model_58x40x8_reducedLR_warmup_epoch010.pth
2026-03-20 18:53:02,337 Epoch 011/200 | train: 3.6559 | val: 3.5665 | lr: 1.00e-05 | saved: model_58x40x8_reducedLR_warmup_epoch011.pth
2026-03-20 19:09:08,981 Epoch 012/200 | train: 3.5813 | val: 3.6612 | lr: 1.00e-05 | saved: model_58x40x8_reducedLR_warmup_epoch012.pth
2026-03-20 19:25:18,844 Epoch 013/200 | train: 3.5444 | val: 3.1897 | lr: 9.99e-06 | saved: model_58x40x8_reducedLR_warmup_epoch013.pth *
2026-03-20 19:41:28,635 Epoch 014/200 | train: 3.6416 | val: 3.5292 | lr: 9.99e-06 | saved: model_58x40x8_reducedLR_warmup_epoch014.pth
2026-03-20 19:57:39,574 Epoch 015/200 | train: 3.4686 | val: 3.1589 | lr: 9.98e-06 | saved: model_58x40x8_reducedLR_warmup_epoch015.pth *
2026-03-20 20:13:49,270 Epoch 016/200 | train: 3.4647 | val: 3.5294 | lr: 9.98e-06 | saved: model_58x40x8_reducedLR_warmup_epoch016.pth
2026-03-20 20:29:58,318 Epoch 017/200 | train: 3.5633 | val: 3.5648 | lr: 9.97e-06 | saved: model_58x40x8_reducedLR_warmup_epoch017.pth
2026-03-20 20:46:06,048 Epoch 018/200 | train: 3.4946 | val: 3.2701 | lr: 9.96e-06 | saved: model_58x40x8_reducedLR_warmup_epoch018.pth
2026-03-20 21:02:15,807 Epoch 019/200 | train: 3.3623 | val: 3.2391 | lr: 9.94e-06 | saved: model_58x40x8_reducedLR_warmup_epoch019.pth
2026-03-20 21:18:25,654 Epoch 020/200 | train: 3.3867 | val: 3.8344 | lr: 9.93e-06 | saved: model_58x40x8_reducedLR_warmup_epoch020.pth
2026-03-20 21:34:44,208 Epoch 021/200 | train: 3.4865 | val: 3.4088 | lr: 9.92e-06 | saved: model_58x40x8_reducedLR_warmup_epoch021.pth
2026-03-20 21:51:06,782 Epoch 022/200 | train: 3.5835 | val: 3.8162 | lr: 9.90e-06 | saved: model_58x40x8_reducedLR_warmup_epoch022.pth
2026-03-20 22:07:18,915 Epoch 023/200 | train: 3.4495 | val: 3.4617 | lr: 9.88e-06 | saved: model_58x40x8_reducedLR_warmup_epoch023.pth
2026-03-20 22:23:30,291 Epoch 024/200 | train: 3.4275 | val: 3.4624 | lr: 9.87e-06 | saved: model_58x40x8_reducedLR_warmup_epoch024.pth
2026-03-20 22:39:41,006 Epoch 025/200 | train: 3.3418 | val: 3.5331 | lr: 9.85e-06 | saved: model_58x40x8_reducedLR_warmup_epoch025.pth
2026-03-20 22:55:51,720 Epoch 026/200 | train: 3.4538 | val: 3.4445 | lr: 9.83e-06 | saved: model_58x40x8_reducedLR_warmup_epoch026.pth
2026-03-20 23:12:01,774 Epoch 027/200 | train: 3.4616 | val: 3.6399 | lr: 9.80e-06 | saved: model_58x40x8_reducedLR_warmup_epoch027.pth
2026-03-20 23:28:14,127 Epoch 028/200 | train: 3.3251 | val: 3.4048 | lr: 9.78e-06 | saved: model_58x40x8_reducedLR_warmup_epoch028.pth
2026-03-20 23:44:26,088 Epoch 029/200 | train: 3.3162 | val: 3.7835 | lr: 9.76e-06 | saved: model_58x40x8_reducedLR_warmup_epoch029.pth
2026-03-21 00:00:39,121 Epoch 030/200 | train: 3.3061 | val: 3.6714 | lr: 9.73e-06 | saved: model_58x40x8_reducedLR_warmup_epoch030.pth
2026-03-21 00:16:50,720 Epoch 031/200 | train: 3.2449 | val: 3.5706 | lr: 9.70e-06 | saved: model_58x40x8_reducedLR_warmup_epoch031.pth
2026-03-21 00:33:06,954 Epoch 032/200 | train: 3.1884 | val: 3.8072 | lr: 9.67e-06 | saved: model_58x40x8_reducedLR_warmup_epoch032.pth
2026-03-21 00:49:19,296 Epoch 033/200 | train: 3.2450 | val: 3.6274 | lr: 9.64e-06 | saved: model_58x40x8_reducedLR_warmup_epoch033.pth
2026-03-21 01:05:32,317 Epoch 034/200 | train: 3.2319 | val: 3.7701 | lr: 9.61e-06 | saved: model_58x40x8_reducedLR_warmup_epoch034.pth
2026-03-21 01:21:44,910 Epoch 035/200 | train: 3.1678 | val: 3.7431 | lr: 9.58e-06 | saved: model_58x40x8_reducedLR_warmup_epoch035.pth
2026-03-21 01:37:57,350 Epoch 036/200 | train: 3.1856 | val: 3.7302 | lr: 9.55e-06 | saved: model_58x40x8_reducedLR_warmup_epoch036.pth
2026-03-21 01:54:10,403 Epoch 037/200 | train: 3.1437 | val: 3.9396 | lr: 9.51e-06 | saved: model_58x40x8_reducedLR_warmup_epoch037.pth
2026-03-21 02:10:25,500 Epoch 038/200 | train: 3.1815 | val: 3.7197 | lr: 9.47e-06 | saved: model_58x40x8_reducedLR_warmup_epoch038.pth
2026-03-21 02:26:39,369 Epoch 039/200 | train: 3.1043 | val: 3.6297 | lr: 9.44e-06 | saved: model_58x40x8_reducedLR_warmup_epoch039.pth
2026-03-21 02:42:52,055 Epoch 040/200 | train: 3.1018 | val: 4.0414 | lr: 9.40e-06 | saved: model_58x40x8_reducedLR_warmup_epoch040.pth
2026-03-21 02:59:05,584 Epoch 041/200 | train: 3.1375 | val: 4.0566 | lr: 9.36e-06 | saved: model_58x40x8_reducedLR_warmup_epoch041.pth
2026-03-21 03:15:19,404 Epoch 042/200 | train: 3.1281 | val: 3.9702 | lr: 9.32e-06 | saved: model_58x40x8_reducedLR_warmup_epoch042.pth
2026-03-21 03:31:32,283 Epoch 043/200 | train: 3.0433 | val: 3.8254 | lr: 9.27e-06 | saved: model_58x40x8_reducedLR_warmup_epoch043.pth
2026-03-21 03:47:45,919 Epoch 044/200 | train: 3.0060 | val: 3.8692 | lr: 9.23e-06 | saved: model_58x40x8_reducedLR_warmup_epoch044.pth
2026-03-21 04:03:58,941 Epoch 045/200 | train: 3.0266 | val: 3.8700 | lr: 9.19e-06 | saved: model_58x40x8_reducedLR_warmup_epoch045.pth
2026-03-21 04:20:13,887 Epoch 046/200 | train: 2.9861 | val: 4.0849 | lr: 9.14e-06 | saved: model_58x40x8_reducedLR_warmup_epoch046.pth
2026-03-21 04:36:26,926 Epoch 047/200 | train: 3.0206 | val: 4.0581 | lr: 9.09e-06 | saved: model_58x40x8_reducedLR_warmup_epoch047.pth
2026-03-21 04:52:40,652 Epoch 048/200 | train: 2.9799 | val: 4.6727 | lr: 9.05e-06 | saved: model_58x40x8_reducedLR_warmup_epoch048.pth
2026-03-21 05:08:54,592 Epoch 049/200 | train: 2.9898 | val: 3.9301 | lr: 9.00e-06 | saved: model_58x40x8_reducedLR_warmup_epoch049.pth
2026-03-21 05:25:07,364 Epoch 050/200 | train: 2.9636 | val: 4.4316 | lr: 8.95e-06 | saved: model_58x40x8_reducedLR_warmup_epoch050.pth
2026-03-21 05:41:21,648 Epoch 051/200 | train: 2.9609 | val: 4.2788 | lr: 8.89e-06 | saved: model_58x40x8_reducedLR_warmup_epoch051.pth
2026-03-21 05:57:37,263 Epoch 052/200 | train: 2.8950 | val: 4.2000 | lr: 8.84e-06 | saved: model_58x40x8_reducedLR_warmup_epoch052.pth
2026-03-21 06:13:51,440 Epoch 053/200 | train: 2.9472 | val: 4.3001 | lr: 8.79e-06 | saved: model_58x40x8_reducedLR_warmup_epoch053.pth
2026-03-21 06:30:06,517 Epoch 054/200 | train: 2.8683 | val: 4.1648 | lr: 8.73e-06 | saved: model_58x40x8_reducedLR_warmup_epoch054.pth
2026-03-21 06:46:21,327 Epoch 055/200 | train: 2.8681 | val: 4.2035 | lr: 8.68e-06 | saved: model_58x40x8_reducedLR_warmup_epoch055.pth
2026-03-21 07:02:36,911 Epoch 056/200 | train: 2.8144 | val: 4.1395 | lr: 8.62e-06 | saved: model_58x40x8_reducedLR_warmup_epoch056.pth
2026-03-21 07:18:51,331 Epoch 057/200 | train: 2.8733 | val: 4.5741 | lr: 8.56e-06 | saved: model_58x40x8_reducedLR_warmup_epoch057.pth
2026-03-21 07:35:05,590 Epoch 058/200 | train: 2.9077 | val: 4.4176 | lr: 8.51e-06 | saved: model_58x40x8_reducedLR_warmup_epoch058.pth
2026-03-21 07:51:30,886 Epoch 059/200 | train: 2.8036 | val: 4.5068 | lr: 8.45e-06 | saved: model_58x40x8_reducedLR_warmup_epoch059.pth
2026-03-21 08:07:45,727 Epoch 060/200 | train: 2.7681 | val: 4.2626 | lr: 8.39e-06 | saved: model_58x40x8_reducedLR_warmup_epoch060.pth
2026-03-21 08:23:59,526 Epoch 061/200 | train: 2.7664 | val: 4.4364 | lr: 8.33e-06 | saved: model_58x40x8_reducedLR_warmup_epoch061.pth
2026-03-21 08:40:14,808 Epoch 062/200 | train: 2.7460 | val: 5.0121 | lr: 8.26e-06 | saved: model_58x40x8_reducedLR_warmup_epoch062.pth
2026-03-21 08:56:30,585 Epoch 063/200 | train: 2.7025 | val: 4.2075 | lr: 8.20e-06 | saved: model_58x40x8_reducedLR_warmup_epoch063.pth
2026-03-21 09:12:44,612 Epoch 064/200 | train: 2.6661 | val: 4.5039 | lr: 8.14e-06 | saved: model_58x40x8_reducedLR_warmup_epoch064.pth
2026-03-21 09:29:00,294 Epoch 065/200 | train: 2.6712 | val: 4.5669 | lr: 8.07e-06 | saved: model_58x40x8_reducedLR_warmup_epoch065.pth
2026-03-21 09:45:17,584 Epoch 066/200 | train: 2.5886 | val: 5.1358 | lr: 8.01e-06 | saved: model_58x40x8_reducedLR_warmup_epoch066.pth
2026-03-21 10:01:33,393 Epoch 067/200 | train: 2.6070 | val: 4.8130 | lr: 7.94e-06 | saved: model_58x40x8_reducedLR_warmup_epoch067.pth
2026-03-21 10:17:49,682 Epoch 068/200 | train: 2.5946 | val: 4.4156 | lr: 7.87e-06 | saved: model_58x40x8_reducedLR_warmup_epoch068.pth
2026-03-21 10:34:06,889 Epoch 069/200 | train: 2.5793 | val: 4.9008 | lr: 7.80e-06 | saved: model_58x40x8_reducedLR_warmup_epoch069.pth
2026-03-21 10:50:23,779 Epoch 070/200 | train: 2.5781 | val: 4.4080 | lr: 7.73e-06 | saved: model_58x40x8_reducedLR_warmup_epoch070.pth
2026-03-21 11:06:40,498 Epoch 071/200 | train: 2.5460 | val: 4.7404 | lr: 7.67e-06 | saved: model_58x40x8_reducedLR_warmup_epoch071.pth
2026-03-21 11:23:01,361 Epoch 072/200 | train: 2.4929 | val: 4.8562 | lr: 7.59e-06 | saved: model_58x40x8_reducedLR_warmup_epoch072.pth
2026-03-21 11:39:17,279 Epoch 073/200 | train: 2.4724 | val: 4.5575 | lr: 7.52e-06 | saved: model_58x40x8_reducedLR_warmup_epoch073.pth
2026-03-21 11:55:34,404 Epoch 074/200 | train: 2.4682 | val: 4.8289 | lr: 7.45e-06 | saved: model_58x40x8_reducedLR_warmup_epoch074.pth
2026-03-21 12:11:51,425 Epoch 075/200 | train: 2.4127 | val: 4.7037 | lr: 7.38e-06 | saved: model_58x40x8_reducedLR_warmup_epoch075.pth
2026-03-21 12:28:09,842 Epoch 076/200 | train: 2.3718 | val: 5.1014 | lr: 7.31e-06 | saved: model_58x40x8_reducedLR_warmup_epoch076.pth
2026-03-21 12:44:25,706 Epoch 077/200 | train: 2.3721 | val: 4.8644 | lr: 7.23e-06 | saved: model_58x40x8_reducedLR_warmup_epoch077.pth
2026-03-21 13:00:43,746 Epoch 078/200 | train: 2.3495 | val: 5.0569 | lr: 7.16e-06 | saved: model_58x40x8_reducedLR_warmup_epoch078.pth
2026-03-21 13:16:58,704 Epoch 079/200 | train: 2.3909 | val: 5.0341 | lr: 7.08e-06 | saved: model_58x40x8_reducedLR_warmup_epoch079.pth
2026-03-21 13:33:15,249 Epoch 080/200 | train: 2.3179 | val: 5.0598 | lr: 7.01e-06 | saved: model_58x40x8_reducedLR_warmup_epoch080.pth
2026-03-21 13:49:31,110 Epoch 081/200 | train: 2.3018 | val: 4.8481 | lr: 6.93e-06 | saved: model_58x40x8_reducedLR_warmup_epoch081.pth
2026-03-21 14:05:48,083 Epoch 082/200 | train: 2.3001 | val: 5.5070 | lr: 6.86e-06 | saved: model_58x40x8_reducedLR_warmup_epoch082.pth
2026-03-21 14:22:04,586 Epoch 083/200 | train: 2.3264 | val: 5.1860 | lr: 6.78e-06 | saved: model_58x40x8_reducedLR_warmup_epoch083.pth
2026-03-21 14:38:20,968 Epoch 084/200 | train: 2.2843 | val: 5.2867 | lr: 6.70e-06 | saved: model_58x40x8_reducedLR_warmup_epoch084.pth
2026-03-21 14:54:38,042 Epoch 085/200 | train: 2.2554 | val: 4.9289 | lr: 6.62e-06 | saved: model_58x40x8_reducedLR_warmup_epoch085.pth
2026-03-21 15:10:54,836 Epoch 086/200 | train: 2.2422 | val: 5.0615 | lr: 6.55e-06 | saved: model_58x40x8_reducedLR_warmup_epoch086.pth
2026-03-21 15:27:11,718 Epoch 087/200 | train: 2.2002 | val: 5.6272 | lr: 6.47e-06 | saved: model_58x40x8_reducedLR_warmup_epoch087.pth
2026-03-21 15:43:27,865 Epoch 088/200 | train: 2.2075 | val: 5.4279 | lr: 6.39e-06 | saved: model_58x40x8_reducedLR_warmup_epoch088.pth
2026-03-21 15:59:50,396 Epoch 089/200 | train: 2.1739 | val: 5.7785 | lr: 6.31e-06 | saved: model_58x40x8_reducedLR_warmup_epoch089.pth
2026-03-21 16:16:08,169 Epoch 090/200 | train: 2.1715 | val: 5.1139 | lr: 6.23e-06 | saved: model_58x40x8_reducedLR_warmup_epoch090.pth
2026-03-21 16:32:25,201 Epoch 091/200 | train: 2.1486 | val: 5.5104 | lr: 6.15e-06 | saved: model_58x40x8_reducedLR_warmup_epoch091.pth
2026-03-21 16:48:48,488 Epoch 092/200 | train: 2.1334 | val: 5.8827 | lr: 6.07e-06 | saved: model_58x40x8_reducedLR_warmup_epoch092.pth
2026-03-21 17:05:07,648 Epoch 093/200 | train: 2.1221 | val: 5.4099 | lr: 5.99e-06 | saved: model_58x40x8_reducedLR_warmup_epoch093.pth
2026-03-21 17:21:26,979 Epoch 094/200 | train: 2.0937 | val: 5.5516 | lr: 5.90e-06 | saved: model_58x40x8_reducedLR_warmup_epoch094.pth
2026-03-21 17:37:44,617 Epoch 095/200 | train: 2.0817 | val: 5.7058 | lr: 5.82e-06 | saved: model_58x40x8_reducedLR_warmup_epoch095.pth
2026-03-21 17:54:06,053 Epoch 096/200 | train: 2.0753 | val: 5.4129 | lr: 5.74e-06 | saved: model_58x40x8_reducedLR_warmup_epoch096.pth
2026-03-21 18:10:24,702 Epoch 097/200 | train: 2.0724 | val: 5.8822 | lr: 5.66e-06 | saved: model_58x40x8_reducedLR_warmup_epoch097.pth
2026-03-21 18:26:43,120 Epoch 098/200 | train: 2.0755 | val: 5.8182 | lr: 5.58e-06 | saved: model_58x40x8_reducedLR_warmup_epoch098.pth
2026-03-21 18:43:01,022 Epoch 099/200 | train: 2.0514 | val: 5.5983 | lr: 5.50e-06 | saved: model_58x40x8_reducedLR_warmup_epoch099.pth
2026-03-21 18:59:22,296 Epoch 100/200 | train: 2.0275 | val: 5.7524 | lr: 5.41e-06 | saved: model_58x40x8_reducedLR_warmup_epoch100.pth
2026-03-21 19:15:40,914 Epoch 101/200 | train: 2.0309 | val: 5.4949 | lr: 5.33e-06 | saved: model_58x40x8_reducedLR_warmup_epoch101.pth
2026-03-21 19:32:01,363 Epoch 102/200 | train: 2.0073 | val: 5.9898 | lr: 5.25e-06 | saved: model_58x40x8_reducedLR_warmup_epoch102.pth
2026-03-21 19:48:20,244 Epoch 103/200 | train: 2.0019 | val: 5.6614 | lr: 5.17e-06 | saved: model_58x40x8_reducedLR_warmup_epoch103.pth
2026-03-21 20:04:37,964 Epoch 104/200 | train: 1.9504 | val: 5.5770 | lr: 5.08e-06 | saved: model_58x40x8_reducedLR_warmup_epoch104.pth
2026-03-21 20:21:00,487 Epoch 105/200 | train: 1.9777 | val: 5.1904 | lr: 5.00e-06 | saved: model_58x40x8_reducedLR_warmup_epoch105.pth
2026-03-21 20:37:21,491 Epoch 106/200 | train: 1.9889 | val: 5.6935 | lr: 4.92e-06 | saved: model_58x40x8_reducedLR_warmup_epoch106.pth
2026-03-21 20:53:40,800 Epoch 107/200 | train: 1.9661 | val: 5.7389 | lr: 4.83e-06 | saved: model_58x40x8_reducedLR_warmup_epoch107.pth
2026-03-21 21:09:58,593 Epoch 108/200 | train: 1.9761 | val: 5.4996 | lr: 4.75e-06 | saved: model_58x40x8_reducedLR_warmup_epoch108.pth
2026-03-21 21:26:16,306 Epoch 109/200 | train: 1.9594 | val: 6.2215 | lr: 4.67e-06 | saved: model_58x40x8_reducedLR_warmup_epoch109.pth
2026-03-21 21:42:33,517 Epoch 110/200 | train: 1.9406 | val: 5.9673 | lr: 4.59e-06 | saved: model_58x40x8_reducedLR_warmup_epoch110.pth
2026-03-21 21:58:52,335 Epoch 111/200 | train: 1.9155 | val: 5.7784 | lr: 4.50e-06 | saved: model_58x40x8_reducedLR_warmup_epoch111.pth
2026-03-21 22:15:11,652 Epoch 112/200 | train: 1.8889 | val: 6.0497 | lr: 4.42e-06 | saved: model_58x40x8_reducedLR_warmup_epoch112.pth
2026-03-21 22:31:30,774 Epoch 113/200 | train: 1.8920 | val: 5.9460 | lr: 4.34e-06 | saved: model_58x40x8_reducedLR_warmup_epoch113.pth
2026-03-21 22:47:48,196 Epoch 114/200 | train: 1.8849 | val: 6.5121 | lr: 4.26e-06 | saved: model_58x40x8_reducedLR_warmup_epoch114.pth
2026-03-21 23:04:08,351 Epoch 115/200 | train: 1.8983 | val: 5.8671 | lr: 4.18e-06 | saved: model_58x40x8_reducedLR_warmup_epoch115.pth
2026-03-21 23:20:27,191 Epoch 116/200 | train: 1.8431 | val: 6.0233 | lr: 4.10e-06 | saved: model_58x40x8_reducedLR_warmup_epoch116.pth
2026-03-21 23:36:44,543 Epoch 117/200 | train: 1.8550 | val: 5.9680 | lr: 4.01e-06 | saved: model_58x40x8_reducedLR_warmup_epoch117.pth
2026-03-21 23:53:02,873 Epoch 118/200 | train: 1.8445 | val: 5.8134 | lr: 3.93e-06 | saved: model_58x40x8_reducedLR_warmup_epoch118.pth
2026-03-22 00:09:21,491 Epoch 119/200 | train: 1.8663 | val: 6.2532 | lr: 3.85e-06 | saved: model_58x40x8_reducedLR_warmup_epoch119.pth
2026-03-22 00:25:39,573 Epoch 120/200 | train: 1.8195 | val: 6.7739 | lr: 3.77e-06 | saved: model_58x40x8_reducedLR_warmup_epoch120.pth
2026-03-22 00:41:58,343 Epoch 121/200 | train: 1.8249 | val: 6.3253 | lr: 3.69e-06 | saved: model_58x40x8_reducedLR_warmup_epoch121.pth
2026-03-22 00:58:17,018 Epoch 122/200 | train: 1.8076 | val: 6.3428 | lr: 3.61e-06 | saved: model_58x40x8_reducedLR_warmup_epoch122.pth
2026-03-22 01:14:34,807 Epoch 123/200 | train: 1.8244 | val: 6.2809 | lr: 3.53e-06 | saved: model_58x40x8_reducedLR_warmup_epoch123.pth
2026-03-22 01:30:53,247 Epoch 124/200 | train: 1.8066 | val: 6.6380 | lr: 3.45e-06 | saved: model_58x40x8_reducedLR_warmup_epoch124.pth
2026-03-22 01:47:12,329 Epoch 125/200 | train: 1.7904 | val: 6.3333 | lr: 3.38e-06 | saved: model_58x40x8_reducedLR_warmup_epoch125.pth
2026-03-22 02:03:29,950 Epoch 126/200 | train: 1.7738 | val: 6.6661 | lr: 3.30e-06 | saved: model_58x40x8_reducedLR_warmup_epoch126.pth
2026-03-22 02:19:49,767 Epoch 127/200 | train: 1.7810 | val: 6.2741 | lr: 3.22e-06 | saved: model_58x40x8_reducedLR_warmup_epoch127.pth
2026-03-22 02:36:10,199 Epoch 128/200 | train: 1.7653 | val: 6.3938 | lr: 3.14e-06 | saved: model_58x40x8_reducedLR_warmup_epoch128.pth
2026-03-22 02:52:29,169 Epoch 129/200 | train: 1.7643 | val: 6.2598 | lr: 3.07e-06 | saved: model_58x40x8_reducedLR_warmup_epoch129.pth
2026-03-22 03:08:48,497 Epoch 130/200 | train: 1.7449 | val: 6.3544 | lr: 2.99e-06 | saved: model_58x40x8_reducedLR_warmup_epoch130.pth
2026-03-22 03:25:07,225 Epoch 131/200 | train: 1.7316 | val: 6.6747 | lr: 2.92e-06 | saved: model_58x40x8_reducedLR_warmup_epoch131.pth
2026-03-22 03:41:25,956 Epoch 132/200 | train: 1.7111 | val: 6.4902 | lr: 2.84e-06 | saved: model_58x40x8_reducedLR_warmup_epoch132.pth
2026-03-22 03:57:45,124 Epoch 133/200 | train: 1.7503 | val: 6.7314 | lr: 2.77e-06 | saved: model_58x40x8_reducedLR_warmup_epoch133.pth
2026-03-22 04:14:03,722 Epoch 134/200 | train: 1.7036 | val: 6.8500 | lr: 2.69e-06 | saved: model_58x40x8_reducedLR_warmup_epoch134.pth
2026-03-22 04:30:22,264 Epoch 135/200 | train: 1.7206 | val: 6.6552 | lr: 2.62e-06 | saved: model_58x40x8_reducedLR_warmup_epoch135.pth
2026-03-22 04:46:39,855 Epoch 136/200 | train: 1.6877 | val: 6.8049 | lr: 2.55e-06 | saved: model_58x40x8_reducedLR_warmup_epoch136.pth
2026-03-22 05:02:59,629 Epoch 137/200 | train: 1.7098 | val: 6.3526 | lr: 2.48e-06 | saved: model_58x40x8_reducedLR_warmup_epoch137.pth
2026-03-22 05:19:17,268 Epoch 138/200 | train: 1.6972 | val: 6.6481 | lr: 2.41e-06 | saved: model_58x40x8_reducedLR_warmup_epoch138.pth
2026-03-22 05:35:33,155 Epoch 139/200 | train: 1.6898 | val: 6.4285 | lr: 2.33e-06 | saved: model_58x40x8_reducedLR_warmup_epoch139.pth
2026-03-22 05:51:51,740 Epoch 140/200 | train: 1.6668 | val: 7.0609 | lr: 2.27e-06 | saved: model_58x40x8_reducedLR_warmup_epoch140.pth
2026-03-22 06:08:08,882 Epoch 141/200 | train: 1.6948 | val: 6.6572 | lr: 2.20e-06 | saved: model_58x40x8_reducedLR_warmup_epoch141.pth
2026-03-22 06:24:25,991 Epoch 142/200 | train: 1.6508 | val: 6.9528 | lr: 2.13e-06 | saved: model_58x40x8_reducedLR_warmup_epoch142.pth
2026-03-22 06:40:42,549 Epoch 143/200 | train: 1.6533 | val: 6.9791 | lr: 2.06e-06 | saved: model_58x40x8_reducedLR_warmup_epoch143.pth
2026-03-22 06:56:58,941 Epoch 144/200 | train: 1.6505 | val: 7.0024 | lr: 1.99e-06 | saved: model_58x40x8_reducedLR_warmup_epoch144.pth
2026-03-22 07:13:17,319 Epoch 145/200 | train: 1.6419 | val: 7.1777 | lr: 1.93e-06 | saved: model_58x40x8_reducedLR_warmup_epoch145.pth
2026-03-22 07:29:36,071 Epoch 146/200 | train: 1.6454 | val: 6.8513 | lr: 1.86e-06 | saved: model_58x40x8_reducedLR_warmup_epoch146.pth
2026-03-22 07:45:56,040 Epoch 147/200 | train: 1.6223 | val: 7.0545 | lr: 1.80e-06 | saved: model_58x40x8_reducedLR_warmup_epoch147.pth
2026-03-22 08:02:13,632 Epoch 148/200 | train: 1.6282 | val: 7.2630 | lr: 1.74e-06 | saved: model_58x40x8_reducedLR_warmup_epoch148.pth
2026-03-22 08:18:30,780 Epoch 149/200 | train: 1.6321 | val: 6.6432 | lr: 1.67e-06 | saved: model_58x40x8_reducedLR_warmup_epoch149.pth
2026-03-22 08:34:47,812 Epoch 150/200 | train: 1.6232 | val: 7.0183 | lr: 1.61e-06 | saved: model_58x40x8_reducedLR_warmup_epoch150.pth
2026-03-22 08:51:06,419 Epoch 151/200 | train: 1.6108 | val: 7.0636 | lr: 1.55e-06 | saved: model_58x40x8_reducedLR_warmup_epoch151.pth
2026-03-22 09:07:23,892 Epoch 152/200 | train: 1.6266 | val: 7.4064 | lr: 1.49e-06 | saved: model_58x40x8_reducedLR_warmup_epoch152.pth
2026-03-22 09:23:41,594 Epoch 153/200 | train: 1.6251 | val: 6.9028 | lr: 1.44e-06 | saved: model_58x40x8_reducedLR_warmup_epoch153.pth
2026-03-22 09:40:00,243 Epoch 154/200 | train: 1.6036 | val: 6.9365 | lr: 1.38e-06 | saved: model_58x40x8_reducedLR_warmup_epoch154.pth
2026-03-22 09:56:19,222 Epoch 155/200 | train: 1.5947 | val: 7.1409 | lr: 1.32e-06 | saved: model_58x40x8_reducedLR_warmup_epoch155.pth
2026-03-22 10:12:36,809 Epoch 156/200 | train: 1.6060 | val: 6.9971 | lr: 1.27e-06 | saved: model_58x40x8_reducedLR_warmup_epoch156.pth
2026-03-22 10:28:54,194 Epoch 157/200 | train: 1.5960 | val: 6.9790 | lr: 1.21e-06 | saved: model_58x40x8_reducedLR_warmup_epoch157.pth
2026-03-22 10:45:12,383 Epoch 158/200 | train: 1.5855 | val: 6.8339 | lr: 1.16e-06 | saved: model_58x40x8_reducedLR_warmup_epoch158.pth
2026-03-22 11:01:29,150 Epoch 159/200 | train: 1.5811 | val: 6.9769 | lr: 1.11e-06 | saved: model_58x40x8_reducedLR_warmup_epoch159.pth
2026-03-22 11:17:47,751 Epoch 160/200 | train: 1.5887 | val: 7.0488 | lr: 1.05e-06 | saved: model_58x40x8_reducedLR_warmup_epoch160.pth
2026-03-22 11:34:07,704 Epoch 161/200 | train: 1.5868 | val: 6.7256 | lr: 1.00e-06 | saved: model_58x40x8_reducedLR_warmup_epoch161.pth
2026-03-22 11:50:25,575 Epoch 162/200 | train: 1.6000 | val: 7.1993 | lr: 9.55e-07 | saved: model_58x40x8_reducedLR_warmup_epoch162.pth
2026-03-22 12:06:42,332 Epoch 163/200 | train: 1.6050 | val: 7.2213 | lr: 9.07e-07 | saved: model_58x40x8_reducedLR_warmup_epoch163.pth
2026-03-22 12:23:00,663 Epoch 164/200 | train: 1.5737 | val: 7.1518 | lr: 8.60e-07 | saved: model_58x40x8_reducedLR_warmup_epoch164.pth
2026-03-22 12:39:18,230 Epoch 165/200 | train: 1.5524 | val: 7.0148 | lr: 8.14e-07 | saved: model_58x40x8_reducedLR_warmup_epoch165.pth
2026-03-22 12:55:36,366 Epoch 166/200 | train: 1.5824 | val: 6.8546 | lr: 7.70e-07 | saved: model_58x40x8_reducedLR_warmup_epoch166.pth
2026-03-22 13:11:52,757 Epoch 167/200 | train: 1.6012 | val: 7.2319 | lr: 7.26e-07 | saved: model_58x40x8_reducedLR_warmup_epoch167.pth
2026-03-22 13:28:11,877 Epoch 168/200 | train: 1.5628 | val: 7.3616 | lr: 6.84e-07 | saved: model_58x40x8_reducedLR_warmup_epoch168.pth
2026-03-22 13:44:30,966 Epoch 169/200 | train: 1.5607 | val: 7.0019 | lr: 6.43e-07 | saved: model_58x40x8_reducedLR_warmup_epoch169.pth
2026-03-22 14:00:49,424 Epoch 170/200 | train: 1.5491 | val: 7.3592 | lr: 6.03e-07 | saved: model_58x40x8_reducedLR_warmup_epoch170.pth
2026-03-22 14:17:09,750 Epoch 171/200 | train: 1.5378 | val: 7.2143 | lr: 5.64e-07 | saved: model_58x40x8_reducedLR_warmup_epoch171.pth
2026-03-22 14:33:26,208 Epoch 172/200 | train: 1.5493 | val: 7.3670 | lr: 5.26e-07 | saved: model_58x40x8_reducedLR_warmup_epoch172.pth
2026-03-22 14:49:46,015 Epoch 173/200 | train: 1.5499 | val: 7.1615 | lr: 4.90e-07 | saved: model_58x40x8_reducedLR_warmup_epoch173.pth
2026-03-22 15:06:03,702 Epoch 174/200 | train: 1.5377 | val: 7.4876 | lr: 4.55e-07 | saved: model_58x40x8_reducedLR_warmup_epoch174.pth
2026-03-22 15:22:22,259 Epoch 175/200 | train: 1.5561 | val: 7.3217 | lr: 4.21e-07 | saved: model_58x40x8_reducedLR_warmup_epoch175.pth
2026-03-22 15:38:40,665 Epoch 176/200 | train: 1.5507 | val: 7.3551 | lr: 3.89e-07 | saved: model_58x40x8_reducedLR_warmup_epoch176.pth
2026-03-22 15:54:58,239 Epoch 177/200 | train: 1.5467 | val: 7.0340 | lr: 3.57e-07 | saved: model_58x40x8_reducedLR_warmup_epoch177.pth
2026-03-22 16:11:16,350 Epoch 178/200 | train: 1.5287 | val: 7.2074 | lr: 3.27e-07 | saved: model_58x40x8_reducedLR_warmup_epoch178.pth
2026-03-22 16:27:33,443 Epoch 179/200 | train: 1.5335 | val: 7.4179 | lr: 2.98e-07 | saved: model_58x40x8_reducedLR_warmup_epoch179.pth
2026-03-22 16:43:51,776 Epoch 180/200 | train: 1.5375 | val: 7.2749 | lr: 2.71e-07 | saved: model_58x40x8_reducedLR_warmup_epoch180.pth
2026-03-22 17:00:10,154 Epoch 181/200 | train: 1.5260 | val: 7.3617 | lr: 2.45e-07 | saved: model_58x40x8_reducedLR_warmup_epoch181.pth
2026-03-22 17:16:28,185 Epoch 182/200 | train: 1.5258 | val: 7.3882 | lr: 2.20e-07 | saved: model_58x40x8_reducedLR_warmup_epoch182.pth
2026-03-22 17:32:47,498 Epoch 183/200 | train: 1.5341 | val: 7.2291 | lr: 1.96e-07 | saved: model_58x40x8_reducedLR_warmup_epoch183.pth
2026-03-22 17:49:07,539 Epoch 184/200 | train: 1.5252 | val: 7.3820 | lr: 1.74e-07 | saved: model_58x40x8_reducedLR_warmup_epoch184.pth
2026-03-22 18:05:27,220 Epoch 185/200 | train: 1.5219 | val: 7.4080 | lr: 1.53e-07 | saved: model_58x40x8_reducedLR_warmup_epoch185.pth
2026-03-22 18:21:46,785 Epoch 186/200 | train: 1.5290 | val: 7.3173 | lr: 1.33e-07 | saved: model_58x40x8_reducedLR_warmup_epoch186.pth
2026-03-22 18:38:06,157 Epoch 187/200 | train: 1.5015 | val: 7.2749 | lr: 1.15e-07 | saved: model_58x40x8_reducedLR_warmup_epoch187.pth
2026-03-22 18:54:26,035 Epoch 188/200 | train: 1.5366 | val: 7.0521 | lr: 9.81e-08 | saved: model_58x40x8_reducedLR_warmup_epoch188.pth
2026-03-22 19:10:45,984 Epoch 189/200 | train: 1.5369 | val: 7.3604 | lr: 8.25e-08 | saved: model_58x40x8_reducedLR_warmup_epoch189.pth
2026-03-22 19:27:06,537 Epoch 190/200 | train: 1.5299 | val: 7.3362 | lr: 6.82e-08 | saved: model_58x40x8_reducedLR_warmup_epoch190.pth
2026-03-22 19:43:27,057 Epoch 191/200 | train: 1.5178 | val: 7.4080 | lr: 5.53e-08 | saved: model_58x40x8_reducedLR_warmup_epoch191.pth
2026-03-22 19:59:47,166 Epoch 192/200 | train: 1.5096 | val: 7.2859 | lr: 4.37e-08 | saved: model_58x40x8_reducedLR_warmup_epoch192.pth
2026-03-22 20:16:05,269 Epoch 193/200 | train: 1.5231 | val: 7.3587 | lr: 3.35e-08 | saved: model_58x40x8_reducedLR_warmup_epoch193.pth
2026-03-22 20:32:25,004 Epoch 194/200 | train: 1.5247 | val: 7.3284 | lr: 2.46e-08 | saved: model_58x40x8_reducedLR_warmup_epoch194.pth
2026-03-22 20:48:44,428 Epoch 195/200 | train: 1.5149 | val: 7.2731 | lr: 1.71e-08 | saved: model_58x40x8_reducedLR_warmup_epoch195.pth
2026-03-22 21:05:05,248 Epoch 196/200 | train: 1.5263 | val: 7.2853 | lr: 1.09e-08 | saved: model_58x40x8_reducedLR_warmup_epoch196.pth
2026-03-22 21:21:25,579 Epoch 197/200 | train: 1.5426 | val: 7.2351 | lr: 6.15e-09 | saved: model_58x40x8_reducedLR_warmup_epoch197.pth
2026-03-22 21:37:45,350 Epoch 198/200 | train: 1.5284 | val: 7.3441 | lr: 2.73e-09 | saved: model_58x40x8_reducedLR_warmup_epoch198.pth
2026-03-22 21:54:04,194 Epoch 199/200 | train: 1.5134 | val: 7.3110 | lr: 6.83e-10 | saved: model_58x40x8_reducedLR_warmup_epoch199.pth
2026-03-22 22:10:24,076 Epoch 200/200 | train: 1.5260 | val: 7.3829 | lr: 0.00e+00 | saved: model_58x40x8_reducedLR_warmup_epoch200.pth
